C51 COMPILER V9.54   KEY                                                                   03/20/2026 17:29:13 PAGE 1   


C51 COMPILER V9.54, COMPILATION OF MODULE KEY
OBJECT MODULE PLACED IN .\Objects\Key.obj
COMPILER INVOKED BY: C:\Keil_v5\C51\BIN\C51.EXE Key.c OPTIMIZE(8,SPEED) BROWSE DEBUG OBJECTEXTEND PRINT(.\Listings\Key.l
                    -st) TABS(2) OBJECT(.\Objects\Key.obj)

line level    source

   1          #include <REGX52.H>
   2          #include "Delay.h"
   3          #include <Key.h>
   4          
   5          /**
   6            * @brief  获取独立按键键码
   7            * @param  无
   8            * @retval 
   9            */
  10          unsigned char Key()
  11          {
  12   1        unsigned char KeyNumber=0;
  13   1        
  14   1        if(P3_1==0){Delay(20);while(P3_1==0);Delay(20);KeyNumber=1;}//k1
  15   1        if(P3_0==0){Delay(20);while(P3_0==0);Delay(20);KeyNumber=2;}//k2
  16   1        if(P3_2==0){Delay(20);while(P3_2==0);Delay(20);KeyNumber=3;}//k3
  17   1        if(P3_3==0){Delay(20);while(P3_3==0);Delay(20);KeyNumber=4;}//k4
  18   1        
  19   1        
  20   1        return KeyNumber;
  21   1      }


MODULE INFORMATION:   STATIC OVERLAYABLE
   CODE SIZE        =     97    ----
   CONSTANT SIZE    =   ----    ----
   XDATA SIZE       =   ----    ----
   PDATA SIZE       =   ----    ----
   DATA SIZE        =   ----       1
   IDATA SIZE       =   ----    ----
   BIT SIZE         =   ----    ----
END OF MODULE INFORMATION.


C51 COMPILATION COMPLETE.  0 WARNING(S),  0 ERROR(S)
